<?xml version="1.0" encoding="UTF-8"?>
<!-- Generated by org.testng.reporters.JUnitReportReporter -->
<testsuite hostname="DESKTOP-RRPSJ5H" failures="0" tests="3" name="abc.TestNg" time="0.023" errors="0" timestamp="2023-02-09T14:36:29 IST" skipped="0">
  <testcase classname="abc.TestNg" name="test2" time="0.014"/>
  <system-out/>
  <testcase classname="abc.TestNg" name="test1" time="0.004"/>
  <system-out/>
  <testcase classname="abc.TestNg" name="test" time="0.005"/>
  <system-out/>
</testsuite> <!-- abc.TestNg -->
